2025-08-13 15:57:16,744 INFO app [app.py:109] Logging configured - Level: INFO, Max size: 10MB, Backups: 5, Max files: 10
2025-08-13 15:57:16,748 INFO werkzeug [_internal.py:224] [31m[1mWARNING: This is a development server. Do not use it in a production deployment. Use a production WSGI server instead.[0m
 * Running on http://127.0.0.1:5001
2025-08-13 15:57:16,748 INFO werkzeug [_internal.py:224] [33mPress CTRL+C to quit[0m
2025-08-13 15:57:27,086 INFO app [app.py:284] --- Incoming Request ---
2025-08-13 15:57:27,086 INFO app [app.py:285] Method: GET
2025-08-13 15:57:27,086 INFO app [app.py:286] Path: /api/wiki/nodes/export
2025-08-13 15:57:27,087 INFO app [app.py:287] Headers: Host: 127.0.0.1:5001
User-Agent: curl/8.6.0
Accept: */*
Authorization: Bearer test_token


2025-08-13 15:57:27,087 INFO app [app.py:640] SSE export connection attempt started for space_id: 7104459188318863362
2025-08-13 15:57:27,087 INFO app [app.py:731] SSE export connection established for space_id: 7104459188318863362
2025-08-13 15:57:27,087 INFO app [app.py:649] SSE export stream generation started for space_id: 7104459188318863362
2025-08-13 15:57:27,087 INFO app [app.py:660] Starting to fetch all nodes for export, space_id: 7104459188318863362
2025-08-13 15:57:27,297 WARNING app [app.py:497] Request failed. Retrying in 1.96 seconds. Error: 400 Client Error: Bad Request for url: https://open.feishu.cn/open-apis/wiki/v2/spaces/7104459188318863362/nodes?page_size=50
2025-08-13 15:57:29,433 WARNING app [app.py:497] Request failed. Retrying in 2.08 seconds. Error: 400 Client Error: Bad Request for url: https://open.feishu.cn/open-apis/wiki/v2/spaces/7104459188318863362/nodes?page_size=50
2025-08-13 15:57:31,603 WARNING app [app.py:497] Request failed. Retrying in 4.56 seconds. Error: 400 Client Error: Bad Request for url: https://open.feishu.cn/open-apis/wiki/v2/spaces/7104459188318863362/nodes?page_size=50
2025-08-13 15:57:36,298 WARNING app [app.py:497] Request failed. Retrying in 8.30 seconds. Error: 400 Client Error: Bad Request for url: https://open.feishu.cn/open-apis/wiki/v2/spaces/7104459188318863362/nodes?page_size=50
2025-08-13 15:57:44,778 WARNING app [app.py:497] Request failed. Retrying in 16.34 seconds. Error: 400 Client Error: Bad Request for url: https://open.feishu.cn/open-apis/wiki/v2/spaces/7104459188318863362/nodes?page_size=50
2025-08-13 15:58:01,232 ERROR app [app.py:501] Max retries reached. Raising exception. Error: 400 Client Error: Bad Request for url: https://open.feishu.cn/open-apis/wiki/v2/spaces/7104459188318863362/nodes?page_size=50
2025-08-13 15:58:01,233 ERROR app [app.py:590] Failed to fetch nodes: 400 Client Error: Bad Request for url: https://open.feishu.cn/open-apis/wiki/v2/spaces/7104459188318863362/nodes?page_size=50
2025-08-13 15:58:01,234 INFO app [app.py:663] Finished fetching all nodes for export, space_id: 7104459188318863362, node count: 0
2025-08-13 15:58:01,235 INFO app [app.py:700] Sending final export result for space_id: 7104459188318863362, node count: 0
2025-08-13 15:58:01,235 INFO werkzeug [_internal.py:224] 127.0.0.1 - - [13/Aug/2025 15:58:01] "GET /api/wiki/nodes/export?space_id=7104459188318863362 HTTP/1.1" 200 -
2025-08-13 15:58:01,235 INFO app [app.py:704] SSE export stream ended normally for space_id: 7104459188318863362
